23-09-18 17:52:09 > [+] Scheduler run...
23-09-18 17:52:20 > [+] get_dcu_id run...
23-09-18 17:52:20 > [+] get_dcu_id OK...
23-09-18 17:52:20 > [+] Get 20230918 0시 Ratio list run...
23-09-18 17:52:20 > [+] CNU Parser run...
23-09-18 17:52:20 > [+] NO searching data...
23-09-18 17:52:20 > [+] Get 20230918 1시 Ratio list run...
23-09-18 17:52:20 > [+] CNU Parser run...
23-09-18 17:52:20 > [+] NO searching data...
23-09-18 17:52:20 > [+] Get 20230918 2시 Ratio list run...
23-09-18 17:52:20 > [+] CNU Parser run...
23-09-18 17:52:20 > [+] NO searching data...
23-09-18 17:52:20 > [+] Get 20230918 3시 Ratio list run...
23-09-18 17:52:20 > [+] CNU Parser run...
23-09-18 17:52:20 > [+] NO searching data...
23-09-18 17:52:20 > [+] Get 20230918 4시 Ratio list run...
23-09-18 17:52:20 > [+] CNU Parser run...
23-09-18 17:52:20 > [+] NO searching data...
23-09-18 17:52:20 > [+] Get 20230918 5시 Ratio list run...
23-09-18 17:52:20 > [+] CNU Parser run...
23-09-18 17:52:20 > [+] NO searching data...
23-09-18 17:52:20 > [+] Get 20230918 6시 Ratio list run...
23-09-18 17:52:20 > [+] CNU Parser run...
23-09-18 17:52:20 > [+] NO searching data...
23-09-18 17:52:20 > [+] Get 20230918 7시 Ratio list run...
23-09-18 17:52:20 > [+] CNU Parser run...
23-09-18 17:52:20 > [+] NO searching data...
23-09-18 17:52:20 > [+] Get 20230918 8시 Ratio list run...
23-09-18 17:52:20 > [+] CNU Parser run...
23-09-18 17:52:20 > [+] NO searching data...
23-09-18 17:52:20 > [+] Get 20230918 9시 Ratio list run...
23-09-18 17:52:20 > [+] CNU Parser run...
23-09-18 17:52:20 > [+] NO searching data...
23-09-18 17:52:20 > [+] Get 20230918 10시 Ratio list run...
23-09-18 17:52:21 > [+] CNU Parser run...
23-09-18 17:52:21 > [+] NO searching data...
23-09-18 17:52:21 > [+] Get 20230918 11시 Ratio list run...
23-09-18 17:52:21 > [+] CNU Parser run...
23-09-18 17:52:21 > [+] NO searching data...
23-09-18 17:52:21 > [+] Get 20230918 12시 Ratio list run...
23-09-18 17:52:21 > [+] CNU Parser run...
23-09-18 17:52:21 > [+] NO searching data...
23-09-18 17:52:21 > [+] Get 20230918 13시 Ratio list run...
23-09-18 17:52:21 > [+] CNU Parser run...
23-09-18 17:52:21 > [+] NO searching data...
23-09-18 17:52:21 > [+] Get 20230918 14시 Ratio list run...
23-09-18 17:52:21 > [+] CNU Parser run...
23-09-18 17:52:21 > [+] NO searching data...
23-09-18 17:52:21 > [+] Get 20230918 15시 Ratio list run...
23-09-18 17:52:21 > [+] CNU Parser run...
23-09-18 17:52:21 > [+] NO searching data...
23-09-18 17:52:21 > [+] Get 20230918 16시 Ratio list run...
23-09-18 17:52:21 > [+] CNU Parser run...
23-09-18 17:52:21 > [+] NO searching data...
23-09-18 17:52:21 > [+] Get 20230918 17시 Ratio list run...
23-09-18 17:52:21 > [+] CNU Parser run...
23-09-18 17:52:21 > [+] NO searching data...
23-09-18 17:52:21 > [+] Get 20230918 18시 Ratio list run...
23-09-18 17:52:21 > [+] CNU Parser run...
23-09-18 17:52:21 > [+] NO searching data...
23-09-18 17:52:21 > [+] Get 20230918 19시 Ratio list run...
23-09-18 17:52:21 > [+] CNU Parser run...
23-09-18 17:52:21 > [+] NO searching data...
23-09-18 17:52:21 > [+] Get 20230918 20시 Ratio list run...
23-09-18 17:52:21 > [+] CNU Parser run...
23-09-18 17:52:21 > [+] NO searching data...
23-09-18 17:52:21 > [+] Get 20230918 21시 Ratio list run...
23-09-18 17:52:21 > [+] CNU Parser run...
23-09-18 17:52:21 > [+] NO searching data...
23-09-18 17:52:21 > [+] Get 20230918 22시 Ratio list run...
23-09-18 17:52:21 > [+] CNU Parser run...
23-09-18 17:52:21 > [+] NO searching data...
23-09-18 17:52:21 > [+] Get 20230918 23시 Ratio list run...
23-09-18 17:52:21 > [+] CNU Parser run...
23-09-18 17:52:21 > [+] NO searching data...
23-09-18 17:52:21 > [+] Get 20230917 0시 Ratio list run...
23-09-18 17:52:21 > [+] CNU Parser run...
23-09-18 17:52:21 > [+] NO searching data...
23-09-18 17:52:21 > [+] Get 20230917 1시 Ratio list run...
23-09-18 17:52:21 > [+] CNU Parser run...
23-09-18 17:52:21 > [+] NO searching data...
23-09-18 17:52:21 > [+] Get 20230917 2시 Ratio list run...
23-09-18 17:52:21 > [+] CNU Parser run...
23-09-18 17:52:21 > [+] NO searching data...
23-09-18 17:52:21 > [+] Get 20230917 3시 Ratio list run...
23-09-18 17:52:21 > [+] CNU Parser run...
23-09-18 17:52:21 > [+] NO searching data...
23-09-18 17:52:21 > [+] Get 20230917 4시 Ratio list run...
23-09-18 17:52:21 > [+] CNU Parser run...
23-09-18 17:52:21 > [+] NO searching data...
23-09-18 17:52:21 > [+] Get 20230917 5시 Ratio list run...
23-09-18 17:52:21 > [+] CNU Parser run...
23-09-18 17:52:21 > [+] NO searching data...
23-09-18 17:52:21 > [+] Get 20230917 6시 Ratio list run...
23-09-18 17:52:21 > [+] CNU Parser run...
23-09-18 17:52:21 > [+] NO searching data...
23-09-18 17:52:21 > [+] Get 20230917 7시 Ratio list run...
23-09-18 17:52:21 > [+] CNU Parser run...
23-09-18 17:52:21 > [+] NO searching data...
23-09-18 17:52:21 > [+] Get 20230917 8시 Ratio list run...
23-09-18 17:52:21 > [+] CNU Parser run...
23-09-18 17:52:21 > [+] NO searching data...
23-09-18 17:52:21 > [+] Get 20230917 9시 Ratio list run...
23-09-18 17:52:22 > [+] CNU Parser run...
23-09-18 17:52:22 > [+] NO searching data...
23-09-18 17:52:22 > [+] Get 20230917 10시 Ratio list run...
23-09-18 17:52:22 > [+] CNU Parser run...
23-09-18 17:52:22 > [+] NO searching data...
23-09-18 17:52:22 > [+] Get 20230917 11시 Ratio list run...
23-09-18 17:52:22 > [+] CNU Parser run...
23-09-18 17:52:22 > [+] NO searching data...
23-09-18 17:52:22 > [+] Get 20230917 12시 Ratio list run...
23-09-18 17:52:22 > [+] CNU Parser run...
23-09-18 17:52:22 > [+] NO searching data...
23-09-18 17:52:22 > [+] Get 20230917 13시 Ratio list run...
23-09-18 17:52:22 > [+] CNU Parser run...
23-09-18 17:52:22 > [+] NO searching data...
23-09-18 17:52:22 > [+] Get 20230917 14시 Ratio list run...
23-09-18 17:52:22 > [+] CNU Parser run...
23-09-18 17:52:22 > [+] NO searching data...
23-09-18 17:52:22 > [+] Get 20230917 15시 Ratio list run...
23-09-18 17:52:22 > [+] CNU Parser run...
23-09-18 17:52:22 > [+] NO searching data...
23-09-18 17:52:22 > [+] Get 20230917 16시 Ratio list run...
23-09-18 17:52:22 > [+] CNU Parser run...
23-09-18 17:52:22 > [+] NO searching data...
23-09-18 17:52:22 > [+] Get 20230917 17시 Ratio list run...
23-09-18 17:52:22 > [+] CNU Parser run...
23-09-18 17:52:22 > [+] NO searching data...
23-09-18 17:52:22 > [+] Get 20230917 18시 Ratio list run...
23-09-18 17:52:22 > [+] CNU Parser run...
23-09-18 17:52:22 > [+] NO searching data...
23-09-18 17:52:22 > [+] Get 20230917 19시 Ratio list run...
23-09-18 17:52:22 > [+] CNU Parser run...
23-09-18 17:52:22 > [+] NO searching data...
23-09-18 17:52:22 > [+] Get 20230917 20시 Ratio list run...
23-09-18 17:52:22 > [+] CNU Parser run...
23-09-18 17:52:22 > [+] NO searching data...
23-09-18 17:52:22 > [+] Get 20230917 21시 Ratio list run...
23-09-18 17:52:22 > [+] CNU Parser run...
23-09-18 17:52:22 > [+] NO searching data...
23-09-18 17:52:22 > [+] Get 20230917 22시 Ratio list run...
23-09-18 17:52:22 > [+] CNU Parser run...
23-09-18 17:52:22 > [+] NO searching data...
23-09-18 17:52:22 > [+] Get 20230917 23시 Ratio list run...
23-09-18 17:52:22 > [+] CNU Parser run...
23-09-18 17:52:22 > [+] NO searching data...
23-09-18 17:52:22 > [+] Send ratio message...
23-09-18 17:52:23 > [+] Send message OK...
23-09-18 17:52:23 > [+] Send ratio message OK...
23-09-18 17:52:34 > [+] get_dcu_id run...
23-09-18 17:52:34 > [+] get_dcu_id OK...
23-09-18 17:52:34 > [+] Get 20230918 0시 Ratio list run...
23-09-18 17:52:35 > [+] CNU Parser run...
23-09-18 17:52:35 > [+] NO searching data...
23-09-18 17:52:35 > [+] Get 20230918 1시 Ratio list run...
23-09-18 17:52:35 > [+] CNU Parser run...
23-09-18 17:52:35 > [+] NO searching data...
23-09-18 17:52:35 > [+] Get 20230918 2시 Ratio list run...
23-09-18 17:52:35 > [+] CNU Parser run...
23-09-18 17:52:35 > [+] NO searching data...
23-09-18 17:52:35 > [+] Get 20230918 3시 Ratio list run...
23-09-18 17:52:35 > [+] CNU Parser run...
23-09-18 17:52:35 > [+] NO searching data...
23-09-18 17:52:35 > [+] Get 20230918 4시 Ratio list run...
23-09-18 17:52:35 > [+] CNU Parser run...
23-09-18 17:52:35 > [+] NO searching data...
23-09-18 17:52:35 > [+] Get 20230918 5시 Ratio list run...
23-09-18 17:52:35 > [+] CNU Parser run...
23-09-18 17:52:35 > [+] NO searching data...
23-09-18 17:52:35 > [+] Get 20230918 6시 Ratio list run...
23-09-18 17:52:36 > [+] CNU Parser run...
23-09-18 17:52:36 > [+] NO searching data...
23-09-18 17:52:36 > [+] Get 20230918 7시 Ratio list run...
23-09-18 17:52:36 > [+] CNU Parser run...
23-09-18 17:52:36 > [+] NO searching data...
23-09-18 17:52:36 > [+] Get 20230918 8시 Ratio list run...
23-09-18 17:52:36 > [+] CNU Parser run...
23-09-18 17:52:36 > [+] NO searching data...
23-09-18 17:52:36 > [+] Get 20230918 9시 Ratio list run...
23-09-18 17:52:36 > [+] CNU Parser run...
23-09-18 17:52:36 > [+] NO searching data...
23-09-18 17:52:36 > [+] Get 20230918 10시 Ratio list run...
23-09-18 17:52:36 > [+] CNU Parser run...
23-09-18 17:52:36 > [+] NO searching data...
23-09-18 17:52:36 > [+] Get 20230918 11시 Ratio list run...
23-09-18 17:52:36 > [+] CNU Parser run...
23-09-18 17:52:36 > [+] NO searching data...
23-09-18 17:52:36 > [+] Get 20230918 12시 Ratio list run...
23-09-18 17:52:36 > [+] CNU Parser run...
23-09-18 17:52:36 > [+] NO searching data...
23-09-18 17:52:36 > [+] Get 20230918 13시 Ratio list run...
23-09-18 17:52:36 > [+] CNU Parser run...
23-09-18 17:52:36 > [+] NO searching data...
23-09-18 17:52:36 > [+] Get 20230918 14시 Ratio list run...
23-09-18 17:52:36 > [+] CNU Parser run...
23-09-18 17:52:36 > [+] NO searching data...
23-09-18 17:52:36 > [+] Get 20230918 15시 Ratio list run...
23-09-18 17:52:36 > [+] CNU Parser run...
23-09-18 17:52:36 > [+] NO searching data...
23-09-18 17:52:36 > [+] Get 20230918 16시 Ratio list run...
23-09-18 17:52:36 > [+] CNU Parser run...
23-09-18 17:52:36 > [+] NO searching data...
23-09-18 17:52:36 > [+] Get 20230918 17시 Ratio list run...
23-09-18 17:52:36 > [+] CNU Parser run...
23-09-18 17:52:36 > [+] NO searching data...
23-09-18 17:52:36 > [+] Get 20230918 18시 Ratio list run...
23-09-18 17:52:36 > [+] CNU Parser run...
23-09-18 17:52:36 > [+] NO searching data...
23-09-18 17:52:36 > [+] Get 20230918 19시 Ratio list run...
23-09-18 17:52:36 > [+] CNU Parser run...
23-09-18 17:52:36 > [+] NO searching data...
23-09-18 17:52:36 > [+] Get 20230918 20시 Ratio list run...
23-09-18 17:52:36 > [+] CNU Parser run...
23-09-18 17:52:36 > [+] NO searching data...
23-09-18 17:52:36 > [+] Get 20230918 21시 Ratio list run...
23-09-18 17:52:36 > [+] CNU Parser run...
23-09-18 17:52:36 > [+] NO searching data...
23-09-18 17:52:36 > [+] Get 20230918 22시 Ratio list run...
23-09-18 17:52:36 > [+] CNU Parser run...
23-09-18 17:52:36 > [+] NO searching data...
23-09-18 17:52:36 > [+] Get 20230918 23시 Ratio list run...
23-09-18 17:52:36 > [+] CNU Parser run...
23-09-18 17:52:36 > [+] NO searching data...
23-09-18 17:52:36 > [+] Get 20230917 0시 Ratio list run...
23-09-18 17:52:36 > [+] CNU Parser run...
23-09-18 17:52:36 > [+] NO searching data...
23-09-18 17:52:36 > [+] Get 20230917 1시 Ratio list run...
23-09-18 17:52:36 > [+] CNU Parser run...
23-09-18 17:52:37 > [+] NO searching data...
23-09-18 17:52:37 > [+] Get 20230917 2시 Ratio list run...
23-09-18 17:52:37 > [+] CNU Parser run...
23-09-18 17:52:37 > [+] NO searching data...
23-09-18 17:52:37 > [+] Get 20230917 3시 Ratio list run...
23-09-18 17:52:37 > [+] CNU Parser run...
23-09-18 17:52:37 > [+] NO searching data...
23-09-18 17:52:37 > [+] Get 20230917 4시 Ratio list run...
23-09-18 17:52:37 > [+] CNU Parser run...
23-09-18 17:52:37 > [+] NO searching data...
23-09-18 17:52:37 > [+] Get 20230917 5시 Ratio list run...
23-09-18 17:52:37 > [+] CNU Parser run...
23-09-18 17:52:37 > [+] NO searching data...
23-09-18 17:52:37 > [+] Get 20230917 6시 Ratio list run...
23-09-18 17:52:37 > [+] CNU Parser run...
23-09-18 17:52:37 > [+] NO searching data...
23-09-18 17:52:37 > [+] Get 20230917 7시 Ratio list run...
23-09-18 17:52:37 > [+] CNU Parser run...
23-09-18 17:52:37 > [+] NO searching data...
23-09-18 17:52:37 > [+] Get 20230917 8시 Ratio list run...
23-09-18 17:52:37 > [+] CNU Parser run...
23-09-18 17:52:37 > [+] NO searching data...
23-09-18 17:52:37 > [+] Get 20230917 9시 Ratio list run...
23-09-18 17:52:37 > [+] CNU Parser run...
23-09-18 17:52:37 > [+] NO searching data...
23-09-18 17:52:37 > [+] Get 20230917 10시 Ratio list run...
23-09-18 17:52:37 > [+] CNU Parser run...
23-09-18 17:52:37 > [+] NO searching data...
23-09-18 17:52:37 > [+] Get 20230917 11시 Ratio list run...
23-09-18 17:52:37 > [+] CNU Parser run...
23-09-18 17:52:37 > [+] NO searching data...
23-09-18 17:52:37 > [+] Get 20230917 12시 Ratio list run...
23-09-18 17:52:37 > [+] CNU Parser run...
23-09-18 17:52:37 > [+] NO searching data...
23-09-18 17:52:37 > [+] Get 20230917 13시 Ratio list run...
23-09-18 17:52:37 > [+] CNU Parser run...
23-09-18 17:52:37 > [+] NO searching data...
23-09-18 17:52:37 > [+] Get 20230917 14시 Ratio list run...
23-09-18 17:52:37 > [+] CNU Parser run...
23-09-18 17:52:37 > [+] NO searching data...
23-09-18 17:52:37 > [+] Get 20230917 15시 Ratio list run...
23-09-18 17:52:37 > [+] CNU Parser run...
23-09-18 17:52:37 > [+] NO searching data...
23-09-18 17:52:37 > [+] Get 20230917 16시 Ratio list run...
23-09-18 17:52:37 > [+] CNU Parser run...
23-09-18 17:52:37 > [+] NO searching data...
23-09-18 17:52:37 > [+] Get 20230917 17시 Ratio list run...
23-09-18 17:52:37 > [+] CNU Parser run...
23-09-18 17:52:37 > [+] NO searching data...
23-09-18 17:52:37 > [+] Get 20230917 18시 Ratio list run...
23-09-18 17:52:37 > [+] CNU Parser run...
23-09-18 17:52:37 > [+] NO searching data...
23-09-18 17:52:37 > [+] Get 20230917 19시 Ratio list run...
23-09-18 17:52:37 > [+] CNU Parser run...
23-09-18 17:52:37 > [+] NO searching data...
23-09-18 17:52:37 > [+] Get 20230917 20시 Ratio list run...
23-09-18 17:52:37 > [+] CNU Parser run...
23-09-18 17:52:37 > [+] NO searching data...
23-09-18 17:52:37 > [+] Get 20230917 21시 Ratio list run...
23-09-18 17:52:37 > [+] CNU Parser run...
23-09-18 17:52:37 > [+] NO searching data...
23-09-18 17:52:37 > [+] Get 20230917 22시 Ratio list run...
23-09-18 17:52:37 > [+] CNU Parser run...
23-09-18 17:52:37 > [+] NO searching data...
23-09-18 17:52:37 > [+] Get 20230917 23시 Ratio list run...
23-09-18 17:52:37 > [+] CNU Parser run...
23-09-18 17:52:38 > [+] NO searching data...
23-09-18 17:52:38 > [+] Get 20230916 0시 Ratio list run...
23-09-18 17:52:38 > [+] CNU Parser run...
23-09-18 17:52:38 > [+] NO searching data...
23-09-18 17:52:38 > [+] Get 20230916 1시 Ratio list run...
23-09-18 17:52:38 > [+] CNU Parser run...
23-09-18 17:52:38 > [+] NO searching data...
23-09-18 17:52:38 > [+] Get 20230916 2시 Ratio list run...
23-09-18 17:52:38 > [+] CNU Parser run...
23-09-18 17:52:38 > [+] NO searching data...
23-09-18 17:52:38 > [+] Get 20230916 3시 Ratio list run...
23-09-18 17:52:38 > [+] CNU Parser run...
23-09-18 17:52:38 > [+] NO searching data...
23-09-18 17:52:38 > [+] Get 20230916 4시 Ratio list run...
23-09-18 17:52:38 > [+] CNU Parser run...
23-09-18 17:52:38 > [+] NO searching data...
23-09-18 17:52:38 > [+] Get 20230916 5시 Ratio list run...
23-09-18 17:52:38 > [+] CNU Parser run...
23-09-18 17:52:38 > [+] NO searching data...
23-09-18 17:52:38 > [+] Get 20230916 6시 Ratio list run...
23-09-18 17:52:38 > [+] CNU Parser run...
23-09-18 17:52:38 > [+] NO searching data...
23-09-18 17:52:38 > [+] Get 20230916 7시 Ratio list run...
23-09-18 17:52:38 > [+] CNU Parser run...
23-09-18 17:52:38 > [+] NO searching data...
23-09-18 17:52:38 > [+] Get 20230916 8시 Ratio list run...
23-09-18 17:52:38 > [+] CNU Parser run...
23-09-18 17:52:38 > [+] NO searching data...
23-09-18 17:52:38 > [+] Get 20230916 9시 Ratio list run...
23-09-18 17:52:38 > [+] CNU Parser run...
23-09-18 17:52:38 > [+] NO searching data...
23-09-18 17:52:38 > [+] Get 20230916 10시 Ratio list run...
23-09-18 17:52:38 > [+] CNU Parser run...
23-09-18 17:52:38 > [+] NO searching data...
23-09-18 17:52:38 > [+] Get 20230916 11시 Ratio list run...
23-09-18 17:52:38 > [+] CNU Parser run...
23-09-18 17:52:38 > [+] NO searching data...
23-09-18 17:52:38 > [+] Get 20230916 12시 Ratio list run...
23-09-18 17:52:38 > [+] CNU Parser run...
23-09-18 17:52:38 > [+] NO searching data...
23-09-18 17:52:38 > [+] Get 20230916 13시 Ratio list run...
23-09-18 17:52:38 > [+] CNU Parser run...
23-09-18 17:52:38 > [+] NO searching data...
23-09-18 17:52:38 > [+] Get 20230916 14시 Ratio list run...
23-09-18 17:52:38 > [+] CNU Parser run...
23-09-18 17:52:38 > [+] NO searching data...
23-09-18 17:52:38 > [+] Get 20230916 15시 Ratio list run...
23-09-18 17:52:38 > [+] CNU Parser run...
23-09-18 17:52:38 > [+] NO searching data...
23-09-18 17:52:38 > [+] Get 20230916 16시 Ratio list run...
23-09-18 17:52:38 > [+] CNU Parser run...
23-09-18 17:52:38 > [+] NO searching data...
23-09-18 17:52:38 > [+] Get 20230916 17시 Ratio list run...
23-09-18 17:52:38 > [+] CNU Parser run...
23-09-18 17:52:38 > [+] NO searching data...
23-09-18 17:52:38 > [+] Get 20230916 18시 Ratio list run...
23-09-18 17:52:38 > [+] CNU Parser run...
23-09-18 17:52:38 > [+] NO searching data...
23-09-18 17:52:38 > [+] Get 20230916 19시 Ratio list run...
23-09-18 17:52:38 > [+] CNU Parser run...
23-09-18 17:52:38 > [+] NO searching data...
23-09-18 17:52:38 > [+] Get 20230916 20시 Ratio list run...
23-09-18 17:52:38 > [+] CNU Parser run...
23-09-18 17:52:38 > [+] NO searching data...
23-09-18 17:52:38 > [+] Get 20230916 21시 Ratio list run...
23-09-18 17:52:38 > [+] CNU Parser run...
23-09-18 17:52:39 > [+] NO searching data...
23-09-18 17:52:39 > [+] Get 20230916 22시 Ratio list run...
23-09-18 17:52:39 > [+] CNU Parser run...
23-09-18 17:52:39 > [+] NO searching data...
23-09-18 17:52:39 > [+] Get 20230916 23시 Ratio list run...
23-09-18 17:52:39 > [+] CNU Parser run...
23-09-18 17:52:39 > [+] NO searching data...
23-09-18 17:52:39 > [+] Get 20230915 0시 Ratio list run...
23-09-18 17:52:39 > [+] CNU Parser run...
23-09-18 17:52:39 > [+] NO searching data...
23-09-18 17:52:39 > [+] Get 20230915 1시 Ratio list run...
23-09-18 17:52:39 > [+] CNU Parser run...
23-09-18 17:52:39 > [+] NO searching data...
23-09-18 17:52:39 > [+] Get 20230915 2시 Ratio list run...
23-09-18 17:52:39 > [+] CNU Parser run...
23-09-18 17:52:39 > [+] NO searching data...
23-09-18 17:52:39 > [+] Get 20230915 3시 Ratio list run...
23-09-18 17:52:39 > [+] CNU Parser run...
23-09-18 17:52:39 > [+] NO searching data...
23-09-18 17:52:39 > [+] Get 20230915 4시 Ratio list run...
23-09-18 17:52:39 > [+] CNU Parser run...
23-09-18 17:52:39 > [+] NO searching data...
23-09-18 17:52:39 > [+] Get 20230915 5시 Ratio list run...
23-09-18 17:52:39 > [+] CNU Parser run...
23-09-18 17:52:39 > [+] NO searching data...
23-09-18 17:52:39 > [+] Get 20230915 6시 Ratio list run...
23-09-18 17:52:39 > [+] CNU Parser run...
23-09-18 17:52:39 > [+] NO searching data...
23-09-18 17:52:39 > [+] Get 20230915 7시 Ratio list run...
23-09-18 17:52:39 > [+] CNU Parser run...
23-09-18 17:52:39 > [+] NO searching data...
23-09-18 17:52:39 > [+] Get 20230915 8시 Ratio list run...
23-09-18 17:52:39 > [+] CNU Parser run...
23-09-18 17:52:39 > [+] NO searching data...
23-09-18 17:52:39 > [+] Get 20230915 9시 Ratio list run...
23-09-18 17:52:39 > [+] CNU Parser run...
23-09-18 17:52:39 > [+] NO searching data...
23-09-18 17:52:39 > [+] Get 20230915 10시 Ratio list run...
23-09-18 17:52:39 > [+] CNU Parser run...
23-09-18 17:52:39 > [+] NO searching data...
23-09-18 17:52:39 > [+] Get 20230915 11시 Ratio list run...
23-09-18 17:52:39 > [+] CNU Parser run...
23-09-18 17:52:39 > [+] NO searching data...
23-09-18 17:52:39 > [+] Get 20230915 12시 Ratio list run...
23-09-18 17:52:39 > [+] CNU Parser run...
23-09-18 17:52:39 > [+] NO searching data...
23-09-18 17:52:39 > [+] Get 20230915 13시 Ratio list run...
23-09-18 17:52:39 > [+] CNU Parser run...
23-09-18 17:52:39 > [+] NO searching data...
23-09-18 17:52:39 > [+] Get 20230915 14시 Ratio list run...
23-09-18 17:52:39 > [+] CNU Parser run...
23-09-18 17:52:39 > [+] NO searching data...
23-09-18 17:52:39 > [+] Get 20230915 15시 Ratio list run...
23-09-18 17:52:39 > [+] CNU Parser run...
23-09-18 17:52:39 > [+] NO searching data...
23-09-18 17:52:39 > [+] Get 20230915 16시 Ratio list run...
23-09-18 17:52:39 > [+] CNU Parser run...
23-09-18 17:52:39 > [+] NO searching data...
23-09-18 17:52:39 > [+] Get 20230915 17시 Ratio list run...
23-09-18 17:52:39 > [+] CNU Parser run...
23-09-18 17:52:39 > [+] NO searching data...
23-09-18 17:52:39 > [+] Get 20230915 18시 Ratio list run...
23-09-18 17:52:39 > [+] CNU Parser run...
23-09-18 17:52:39 > [+] NO searching data...
23-09-18 17:52:39 > [+] Get 20230915 19시 Ratio list run...
23-09-18 17:52:39 > [+] CNU Parser run...
23-09-18 17:52:39 > [+] NO searching data...
23-09-18 17:52:39 > [+] Get 20230915 20시 Ratio list run...
23-09-18 17:52:40 > [+] CNU Parser run...
23-09-18 17:52:40 > [+] NO searching data...
23-09-18 17:52:40 > [+] Get 20230915 21시 Ratio list run...
23-09-18 17:52:40 > [+] CNU Parser run...
23-09-18 17:52:40 > [+] NO searching data...
23-09-18 17:52:40 > [+] Get 20230915 22시 Ratio list run...
23-09-18 17:52:40 > [+] CNU Parser run...
23-09-18 17:52:40 > [+] NO searching data...
23-09-18 17:52:40 > [+] Get 20230915 23시 Ratio list run...
23-09-18 17:52:40 > [+] CNU Parser run...
23-09-18 17:52:40 > [+] NO searching data...
23-09-18 17:52:40 > [+] Get 20230914 0시 Ratio list run...
23-09-18 17:52:40 > [+] CNU Parser run...
23-09-18 17:52:40 > [+] NO searching data...
23-09-18 17:52:40 > [+] Get 20230914 1시 Ratio list run...
23-09-18 17:52:40 > [+] CNU Parser run...
23-09-18 17:52:40 > [+] NO searching data...
23-09-18 17:52:40 > [+] Get 20230914 2시 Ratio list run...
23-09-18 17:52:40 > [+] CNU Parser run...
23-09-18 17:52:40 > [+] NO searching data...
23-09-18 17:52:40 > [+] Get 20230914 3시 Ratio list run...
23-09-18 17:52:40 > [+] CNU Parser run...
23-09-18 17:52:40 > [+] NO searching data...
23-09-18 17:52:40 > [+] Get 20230914 4시 Ratio list run...
23-09-18 17:52:40 > [+] CNU Parser run...
23-09-18 17:52:40 > [+] NO searching data...
23-09-18 17:52:40 > [+] Get 20230914 5시 Ratio list run...
23-09-18 17:52:40 > [+] CNU Parser run...
23-09-18 17:52:40 > [+] NO searching data...
23-09-18 17:52:40 > [+] Get 20230914 6시 Ratio list run...
23-09-18 17:52:40 > [+] CNU Parser run...
23-09-18 17:52:40 > [+] NO searching data...
23-09-18 17:52:40 > [+] Get 20230914 7시 Ratio list run...
23-09-18 17:52:40 > [+] CNU Parser run...
23-09-18 17:52:40 > [+] NO searching data...
23-09-18 17:52:40 > [+] Get 20230914 8시 Ratio list run...
23-09-18 17:52:40 > [+] CNU Parser run...
23-09-18 17:52:40 > [+] NO searching data...
23-09-18 17:52:40 > [+] Get 20230914 9시 Ratio list run...
23-09-18 17:52:40 > [+] CNU Parser run...
23-09-18 17:52:40 > [+] NO searching data...
23-09-18 17:52:40 > [+] Get 20230914 10시 Ratio list run...
23-09-18 17:52:40 > [+] CNU Parser run...
23-09-18 17:52:40 > [+] NO searching data...
23-09-18 17:52:40 > [+] Get 20230914 11시 Ratio list run...
23-09-18 17:52:40 > [+] CNU Parser run...
23-09-18 17:52:40 > [+] NO searching data...
23-09-18 17:52:40 > [+] Get 20230914 12시 Ratio list run...
23-09-18 17:52:40 > [+] CNU Parser run...
23-09-18 17:52:40 > [+] NO searching data...
23-09-18 17:52:40 > [+] Get 20230914 13시 Ratio list run...
23-09-18 17:52:40 > [+] CNU Parser run...
23-09-18 17:52:40 > [+] NO searching data...
23-09-18 17:52:40 > [+] Get 20230914 14시 Ratio list run...
23-09-18 17:52:40 > [+] CNU Parser run...
23-09-18 17:52:40 > [+] NO searching data...
23-09-18 17:52:40 > [+] Get 20230914 15시 Ratio list run...
23-09-18 17:52:40 > [+] CNU Parser run...
23-09-18 17:52:40 > [+] NO searching data...
23-09-18 17:52:40 > [+] Get 20230914 16시 Ratio list run...
23-09-18 17:52:41 > [+] CNU Parser run...
23-09-18 17:52:41 > [+] NO searching data...
23-09-18 17:52:41 > [+] Get 20230914 17시 Ratio list run...
23-09-18 17:52:41 > [+] CNU Parser run...
23-09-18 17:52:41 > [+] NO searching data...
23-09-18 17:52:41 > [+] Get 20230914 18시 Ratio list run...
23-09-18 17:52:41 > [+] CNU Parser run...
23-09-18 17:52:41 > [+] NO searching data...
23-09-18 17:52:41 > [+] Get 20230914 19시 Ratio list run...
23-09-18 17:52:41 > [+] CNU Parser run...
23-09-18 17:52:41 > [+] NO searching data...
23-09-18 17:52:41 > [+] Get 20230914 20시 Ratio list run...
23-09-18 17:52:41 > [+] CNU Parser run...
23-09-18 17:52:41 > [+] NO searching data...
23-09-18 17:52:41 > [+] Get 20230914 21시 Ratio list run...
23-09-18 17:52:41 > [+] CNU Parser run...
23-09-18 17:52:41 > [+] NO searching data...
23-09-18 17:52:41 > [+] Get 20230914 22시 Ratio list run...
23-09-18 17:52:41 > [+] CNU Parser run...
23-09-18 17:52:41 > [+] NO searching data...
23-09-18 17:52:41 > [+] Get 20230914 23시 Ratio list run...
23-09-18 17:52:41 > [+] CNU Parser run...
23-09-18 17:52:41 > [+] NO searching data...
23-09-18 17:52:41 > [+] Send ratio message...
23-09-18 17:52:42 > [+] Send message OK...
23-09-18 17:52:42 > [+] Send ratio message OK...
[2023-09-18 18:03:51,442][INFO][58] >> 23-09-18 18:03:51 > [+] Web site run...
[2023-09-18 18:03:51,443][INFO][58] >> 23-09-18 18:03:51 > [+] Scheduler run...
[2023-09-18 18:04:21,192][INFO][common.py:58] >> 23-09-18 18:04:21 > [+] Web site run...
[2023-09-18 18:04:21,193][INFO][common.py:58] >> 23-09-18 18:04:21 > [+] Scheduler run...
[2023-09-18 18:04:56,022][INFO][debugPrint:58] >> 23-09-18 18:04:56 > [+] Web site run...
[2023-09-18 18:04:56,023][INFO][debugPrint:58] >> 23-09-18 18:04:56 > [+] Scheduler run...
[2023-09-18 18:08:33,596][INFO][main.py:109] >> [+] Web site run...
[2023-09-18 18:08:33,596][INFO][main.py:93] >> [+] Scheduler run...
[2023-09-18 18:10:27,856][INFO][main.py:109] >> [+] Web site run...
[2023-09-18 18:10:27,857][INFO][main.py:93] >> [+] Scheduler run...
[2023-09-18 18:10:33,243][INFO][info_get.py:170] >> [+] get_dcu_id run...
[2023-09-18 18:10:33,313][INFO][info_get.py:182] >> [+] get_dcu_id OK...
[2023-09-18 18:10:33,313][INFO][info_get.py:46] >> [+] Get 20230918 0시 Ratio list run...
[2023-09-18 18:10:33,398][INFO][info_get.py:125] >> [+] CNU Parser run...
[2023-09-18 18:10:33,420][INFO][info_get.py:137] >> [+] NO searching data...
[2023-09-18 18:10:33,421][INFO][info_get.py:46] >> [+] Get 20230918 1시 Ratio list run...
[2023-09-18 18:10:33,457][INFO][info_get.py:125] >> [+] CNU Parser run...
[2023-09-18 18:10:33,480][INFO][info_get.py:137] >> [+] NO searching data...
[2023-09-18 18:10:33,480][INFO][info_get.py:46] >> [+] Get 20230918 2시 Ratio list run...
[2023-09-18 18:10:33,505][INFO][info_get.py:125] >> [+] CNU Parser run...
[2023-09-18 18:10:33,527][INFO][info_get.py:137] >> [+] NO searching data...
[2023-09-18 18:10:33,527][INFO][info_get.py:46] >> [+] Get 20230918 3시 Ratio list run...
[2023-09-18 18:10:33,563][INFO][info_get.py:125] >> [+] CNU Parser run...
[2023-09-18 18:10:33,585][INFO][info_get.py:137] >> [+] NO searching data...
[2023-09-18 18:10:33,586][INFO][info_get.py:46] >> [+] Get 20230918 4시 Ratio list run...
[2023-09-18 18:10:33,637][INFO][info_get.py:125] >> [+] CNU Parser run...
[2023-09-18 18:10:33,659][INFO][info_get.py:137] >> [+] NO searching data...
[2023-09-18 18:10:33,659][INFO][info_get.py:46] >> [+] Get 20230918 5시 Ratio list run...
[2023-09-18 18:10:33,694][INFO][info_get.py:125] >> [+] CNU Parser run...
[2023-09-18 18:10:33,716][INFO][info_get.py:137] >> [+] NO searching data...
[2023-09-18 18:10:33,716][INFO][info_get.py:46] >> [+] Get 20230918 6시 Ratio list run...
[2023-09-18 18:10:33,776][INFO][info_get.py:125] >> [+] CNU Parser run...
[2023-09-18 18:10:33,799][INFO][info_get.py:137] >> [+] NO searching data...
[2023-09-18 18:10:33,799][INFO][info_get.py:46] >> [+] Get 20230918 7시 Ratio list run...
[2023-09-18 18:10:33,839][INFO][info_get.py:125] >> [+] CNU Parser run...
[2023-09-18 18:10:33,862][INFO][info_get.py:137] >> [+] NO searching data...
[2023-09-18 18:10:33,862][INFO][info_get.py:46] >> [+] Get 20230918 8시 Ratio list run...
[2023-09-18 18:10:33,975][INFO][info_get.py:125] >> [+] CNU Parser run...
[2023-09-18 18:10:34,031][INFO][info_get.py:137] >> [+] NO searching data...
[2023-09-18 18:10:34,031][INFO][info_get.py:46] >> [+] Get 20230918 9시 Ratio list run...
[2023-09-18 18:10:34,110][INFO][info_get.py:125] >> [+] CNU Parser run...
[2023-09-18 18:10:34,133][INFO][info_get.py:137] >> [+] NO searching data...
[2023-09-18 18:10:34,133][INFO][info_get.py:46] >> [+] Get 20230918 10시 Ratio list run...
[2023-09-18 18:10:34,199][INFO][info_get.py:125] >> [+] CNU Parser run...
[2023-09-18 18:10:34,221][INFO][info_get.py:137] >> [+] NO searching data...
[2023-09-18 18:10:34,222][INFO][info_get.py:46] >> [+] Get 20230918 11시 Ratio list run...
[2023-09-18 18:10:34,303][INFO][info_get.py:125] >> [+] CNU Parser run...
[2023-09-18 18:10:34,324][INFO][info_get.py:137] >> [+] NO searching data...
[2023-09-18 18:10:34,325][INFO][info_get.py:46] >> [+] Get 20230918 12시 Ratio list run...
[2023-09-18 18:10:34,389][INFO][info_get.py:125] >> [+] CNU Parser run...
[2023-09-18 18:10:34,412][INFO][info_get.py:137] >> [+] NO searching data...
[2023-09-18 18:10:34,412][INFO][info_get.py:46] >> [+] Get 20230918 13시 Ratio list run...
[2023-09-18 18:10:34,473][INFO][info_get.py:125] >> [+] CNU Parser run...
[2023-09-18 18:10:34,495][INFO][info_get.py:137] >> [+] NO searching data...
[2023-09-18 18:10:34,495][INFO][info_get.py:46] >> [+] Get 20230918 14시 Ratio list run...
[2023-09-18 18:10:34,528][INFO][info_get.py:125] >> [+] CNU Parser run...
[2023-09-18 18:10:34,550][INFO][info_get.py:137] >> [+] NO searching data...
[2023-09-18 18:10:34,550][INFO][info_get.py:46] >> [+] Get 20230918 15시 Ratio list run...
[2023-09-18 18:10:34,603][INFO][info_get.py:125] >> [+] CNU Parser run...
[2023-09-18 18:10:34,626][INFO][info_get.py:137] >> [+] NO searching data...
[2023-09-18 18:10:34,626][INFO][info_get.py:46] >> [+] Get 20230918 16시 Ratio list run...
[2023-09-18 18:10:34,672][INFO][info_get.py:125] >> [+] CNU Parser run...
[2023-09-18 18:10:34,694][INFO][info_get.py:137] >> [+] NO searching data...
[2023-09-18 18:10:34,695][INFO][info_get.py:46] >> [+] Get 20230918 17시 Ratio list run...
[2023-09-18 18:10:34,765][INFO][info_get.py:125] >> [+] CNU Parser run...
[2023-09-18 18:10:34,788][INFO][info_get.py:137] >> [+] NO searching data...
[2023-09-18 18:10:34,789][INFO][info_get.py:46] >> [+] Get 20230918 18시 Ratio list run...
[2023-09-18 18:10:34,810][INFO][info_get.py:125] >> [+] CNU Parser run...
[2023-09-18 18:10:34,832][INFO][info_get.py:137] >> [+] NO searching data...
[2023-09-18 18:10:34,833][INFO][info_get.py:46] >> [+] Get 20230918 19시 Ratio list run...
[2023-09-18 18:10:34,853][INFO][info_get.py:125] >> [+] CNU Parser run...
[2023-09-18 18:10:34,876][INFO][info_get.py:137] >> [+] NO searching data...
[2023-09-18 18:10:34,876][INFO][info_get.py:46] >> [+] Get 20230918 20시 Ratio list run...
[2023-09-18 18:10:34,901][INFO][info_get.py:125] >> [+] CNU Parser run...
[2023-09-18 18:10:34,923][INFO][info_get.py:137] >> [+] NO searching data...
[2023-09-18 18:10:34,924][INFO][info_get.py:46] >> [+] Get 20230918 21시 Ratio list run...
[2023-09-18 18:10:34,948][INFO][info_get.py:125] >> [+] CNU Parser run...
[2023-09-18 18:10:34,971][INFO][info_get.py:137] >> [+] NO searching data...
[2023-09-18 18:10:34,971][INFO][info_get.py:46] >> [+] Get 20230918 22시 Ratio list run...
[2023-09-18 18:10:35,020][INFO][info_get.py:125] >> [+] CNU Parser run...
[2023-09-18 18:10:35,036][INFO][info_get.py:137] >> [+] NO searching data...
[2023-09-18 18:10:35,036][INFO][info_get.py:46] >> [+] Get 20230918 23시 Ratio list run...
[2023-09-18 18:10:35,058][INFO][info_get.py:125] >> [+] CNU Parser run...
[2023-09-18 18:10:35,074][INFO][info_get.py:137] >> [+] NO searching data...
[2023-09-18 18:10:35,074][INFO][info_get.py:46] >> [+] Get 20230917 0시 Ratio list run...
[2023-09-18 18:10:35,216][INFO][info_get.py:125] >> [+] CNU Parser run...
[2023-09-18 18:10:35,238][INFO][info_get.py:137] >> [+] NO searching data...
[2023-09-18 18:10:35,238][INFO][info_get.py:46] >> [+] Get 20230917 1시 Ratio list run...
[2023-09-18 18:10:35,304][INFO][info_get.py:125] >> [+] CNU Parser run...
[2023-09-18 18:10:35,324][INFO][info_get.py:137] >> [+] NO searching data...
[2023-09-18 18:10:35,325][INFO][info_get.py:46] >> [+] Get 20230917 2시 Ratio list run...
[2023-09-18 18:10:35,394][INFO][info_get.py:125] >> [+] CNU Parser run...
[2023-09-18 18:10:35,417][INFO][info_get.py:137] >> [+] NO searching data...
[2023-09-18 18:10:35,417][INFO][info_get.py:46] >> [+] Get 20230917 3시 Ratio list run...
[2023-09-18 18:10:35,441][INFO][info_get.py:125] >> [+] CNU Parser run...
[2023-09-18 18:10:35,463][INFO][info_get.py:137] >> [+] NO searching data...
[2023-09-18 18:10:35,464][INFO][info_get.py:46] >> [+] Get 20230917 4시 Ratio list run...
[2023-09-18 18:10:35,495][INFO][info_get.py:125] >> [+] CNU Parser run...
[2023-09-18 18:10:35,517][INFO][info_get.py:137] >> [+] NO searching data...
[2023-09-18 18:10:35,517][INFO][info_get.py:46] >> [+] Get 20230917 5시 Ratio list run...
[2023-09-18 18:10:35,557][INFO][info_get.py:125] >> [+] CNU Parser run...
[2023-09-18 18:10:35,579][INFO][info_get.py:137] >> [+] NO searching data...
[2023-09-18 18:10:35,579][INFO][info_get.py:46] >> [+] Get 20230917 6시 Ratio list run...
[2023-09-18 18:10:35,602][INFO][info_get.py:125] >> [+] CNU Parser run...
[2023-09-18 18:10:35,625][INFO][info_get.py:137] >> [+] NO searching data...
[2023-09-18 18:10:35,625][INFO][info_get.py:46] >> [+] Get 20230917 7시 Ratio list run...
[2023-09-18 18:10:35,651][INFO][info_get.py:125] >> [+] CNU Parser run...
[2023-09-18 18:10:35,673][INFO][info_get.py:137] >> [+] NO searching data...
[2023-09-18 18:10:35,673][INFO][info_get.py:46] >> [+] Get 20230917 8시 Ratio list run...
[2023-09-18 18:10:35,694][INFO][info_get.py:125] >> [+] CNU Parser run...
[2023-09-18 18:10:35,718][INFO][info_get.py:137] >> [+] NO searching data...
[2023-09-18 18:10:35,718][INFO][info_get.py:46] >> [+] Get 20230917 9시 Ratio list run...
[2023-09-18 18:10:35,753][INFO][info_get.py:125] >> [+] CNU Parser run...
[2023-09-18 18:10:35,812][INFO][info_get.py:137] >> [+] NO searching data...
[2023-09-18 18:10:35,812][INFO][info_get.py:46] >> [+] Get 20230917 10시 Ratio list run...
[2023-09-18 18:10:35,878][INFO][info_get.py:125] >> [+] CNU Parser run...
[2023-09-18 18:10:35,895][INFO][info_get.py:137] >> [+] NO searching data...
[2023-09-18 18:10:35,896][INFO][info_get.py:46] >> [+] Get 20230917 11시 Ratio list run...
[2023-09-18 18:10:35,982][INFO][info_get.py:125] >> [+] CNU Parser run...
[2023-09-18 18:10:36,005][INFO][info_get.py:137] >> [+] NO searching data...
[2023-09-18 18:10:36,005][INFO][info_get.py:46] >> [+] Get 20230917 12시 Ratio list run...
[2023-09-18 18:10:36,053][INFO][info_get.py:125] >> [+] CNU Parser run...
[2023-09-18 18:10:36,075][INFO][info_get.py:137] >> [+] NO searching data...
[2023-09-18 18:10:36,075][INFO][info_get.py:46] >> [+] Get 20230917 13시 Ratio list run...
[2023-09-18 18:10:36,159][INFO][info_get.py:125] >> [+] CNU Parser run...
[2023-09-18 18:10:36,182][INFO][info_get.py:137] >> [+] NO searching data...
[2023-09-18 18:10:36,182][INFO][info_get.py:46] >> [+] Get 20230917 14시 Ratio list run...
[2023-09-18 18:10:36,252][INFO][info_get.py:125] >> [+] CNU Parser run...
[2023-09-18 18:10:36,274][INFO][info_get.py:137] >> [+] NO searching data...
[2023-09-18 18:10:36,275][INFO][info_get.py:46] >> [+] Get 20230917 15시 Ratio list run...
[2023-09-18 18:10:36,303][INFO][info_get.py:125] >> [+] CNU Parser run...
[2023-09-18 18:10:36,327][INFO][info_get.py:137] >> [+] NO searching data...
[2023-09-18 18:10:36,327][INFO][info_get.py:46] >> [+] Get 20230917 16시 Ratio list run...
[2023-09-18 18:10:36,378][INFO][info_get.py:125] >> [+] CNU Parser run...
[2023-09-18 18:10:36,400][INFO][info_get.py:137] >> [+] NO searching data...
[2023-09-18 18:10:36,400][INFO][info_get.py:46] >> [+] Get 20230917 17시 Ratio list run...
[2023-09-18 18:10:36,422][INFO][info_get.py:125] >> [+] CNU Parser run...
[2023-09-18 18:10:36,444][INFO][info_get.py:137] >> [+] NO searching data...
[2023-09-18 18:10:36,444][INFO][info_get.py:46] >> [+] Get 20230917 18시 Ratio list run...
[2023-09-18 18:10:36,468][INFO][info_get.py:125] >> [+] CNU Parser run...
[2023-09-18 18:10:36,492][INFO][info_get.py:137] >> [+] NO searching data...
[2023-09-18 18:10:36,492][INFO][info_get.py:46] >> [+] Get 20230917 19시 Ratio list run...
[2023-09-18 18:10:36,542][INFO][info_get.py:125] >> [+] CNU Parser run...
[2023-09-18 18:10:36,564][INFO][info_get.py:137] >> [+] NO searching data...
[2023-09-18 18:10:36,565][INFO][info_get.py:46] >> [+] Get 20230917 20시 Ratio list run...
[2023-09-18 18:10:36,611][INFO][info_get.py:125] >> [+] CNU Parser run...
[2023-09-18 18:10:36,634][INFO][info_get.py:137] >> [+] NO searching data...
[2023-09-18 18:10:36,634][INFO][info_get.py:46] >> [+] Get 20230917 21시 Ratio list run...
[2023-09-18 18:10:36,662][INFO][info_get.py:125] >> [+] CNU Parser run...
[2023-09-18 18:10:36,683][INFO][info_get.py:137] >> [+] NO searching data...
[2023-09-18 18:10:36,683][INFO][info_get.py:46] >> [+] Get 20230917 22시 Ratio list run...
[2023-09-18 18:10:36,714][INFO][info_get.py:125] >> [+] CNU Parser run...
[2023-09-18 18:10:36,737][INFO][info_get.py:137] >> [+] NO searching data...
[2023-09-18 18:10:36,737][INFO][info_get.py:46] >> [+] Get 20230917 23시 Ratio list run...
[2023-09-18 18:10:36,799][INFO][info_get.py:125] >> [+] CNU Parser run...
[2023-09-18 18:10:36,821][INFO][info_get.py:137] >> [+] NO searching data...
[2023-09-18 18:10:36,821][INFO][slack_bot.py:49] >> [+] Send ratio message...
[2023-09-18 18:10:37,185][INFO][slack_bot.py:38] >> [+] Send message OK...
[2023-09-18 18:10:37,186][INFO][slack_bot.py:87] >> [+] Send ratio message OK...
[2023-09-18 18:13:26,308][INFO][main.py:109] >> [+] Web site run...
[2023-09-18 18:13:26,309][INFO][main.py:93] >> [+] Scheduler run...
[2023-09-18 18:13:31,858][INFO][info_get.py:170] >> [+] get_dcu_id run...
[2023-09-18 18:13:31,905][INFO][info_get.py:182] >> [+] get_dcu_id OK...
[2023-09-18 18:13:31,905][INFO][info_get.py:46] >> [+] Get 20230918 0시 Ratio list run...
[2023-09-18 18:13:31,933][INFO][info_get.py:125] >> [+] CNU Parser run...
[2023-09-18 18:13:31,953][INFO][info_get.py:137] >> [+] NO searching data...
[2023-09-18 18:13:31,954][INFO][info_get.py:46] >> [+] Get 20230918 1시 Ratio list run...
[2023-09-18 18:13:31,985][INFO][info_get.py:125] >> [+] CNU Parser run...
[2023-09-18 18:13:32,007][INFO][info_get.py:137] >> [+] NO searching data...
[2023-09-18 18:13:32,008][INFO][info_get.py:46] >> [+] Get 20230918 2시 Ratio list run...
[2023-09-18 18:13:32,031][INFO][info_get.py:125] >> [+] CNU Parser run...
[2023-09-18 18:13:32,053][INFO][info_get.py:137] >> [+] NO searching data...
[2023-09-18 18:13:32,053][INFO][info_get.py:46] >> [+] Get 20230918 3시 Ratio list run...
[2023-09-18 18:13:32,075][INFO][info_get.py:125] >> [+] CNU Parser run...
[2023-09-18 18:13:32,094][INFO][info_get.py:137] >> [+] NO searching data...
[2023-09-18 18:13:32,094][INFO][info_get.py:46] >> [+] Get 20230918 4시 Ratio list run...
[2023-09-18 18:13:32,121][INFO][info_get.py:125] >> [+] CNU Parser run...
[2023-09-18 18:13:32,138][INFO][info_get.py:137] >> [+] NO searching data...
[2023-09-18 18:13:32,138][INFO][info_get.py:46] >> [+] Get 20230918 5시 Ratio list run...
[2023-09-18 18:13:32,158][INFO][info_get.py:125] >> [+] CNU Parser run...
[2023-09-18 18:13:32,179][INFO][info_get.py:137] >> [+] NO searching data...
[2023-09-18 18:13:32,179][INFO][info_get.py:46] >> [+] Get 20230918 6시 Ratio list run...
[2023-09-18 18:13:32,200][INFO][info_get.py:125] >> [+] CNU Parser run...
[2023-09-18 18:13:32,223][INFO][info_get.py:137] >> [+] NO searching data...
[2023-09-18 18:13:32,223][INFO][info_get.py:46] >> [+] Get 20230918 7시 Ratio list run...
[2023-09-18 18:13:32,245][INFO][info_get.py:125] >> [+] CNU Parser run...
[2023-09-18 18:13:32,266][INFO][info_get.py:137] >> [+] NO searching data...
[2023-09-18 18:13:32,266][INFO][info_get.py:46] >> [+] Get 20230918 8시 Ratio list run...
[2023-09-18 18:13:32,288][INFO][info_get.py:125] >> [+] CNU Parser run...
[2023-09-18 18:13:32,341][INFO][info_get.py:137] >> [+] NO searching data...
[2023-09-18 18:13:32,341][INFO][info_get.py:46] >> [+] Get 20230918 9시 Ratio list run...
[2023-09-18 18:13:32,364][INFO][info_get.py:125] >> [+] CNU Parser run...
[2023-09-18 18:13:32,380][INFO][info_get.py:137] >> [+] NO searching data...
[2023-09-18 18:13:32,380][INFO][info_get.py:46] >> [+] Get 20230918 10시 Ratio list run...
[2023-09-18 18:13:32,406][INFO][info_get.py:125] >> [+] CNU Parser run...
[2023-09-18 18:13:32,423][INFO][info_get.py:137] >> [+] NO searching data...
[2023-09-18 18:13:32,423][INFO][info_get.py:46] >> [+] Get 20230918 11시 Ratio list run...
[2023-09-18 18:13:32,454][INFO][info_get.py:125] >> [+] CNU Parser run...
[2023-09-18 18:13:32,470][INFO][info_get.py:137] >> [+] NO searching data...
[2023-09-18 18:13:32,470][INFO][info_get.py:46] >> [+] Get 20230918 12시 Ratio list run...
[2023-09-18 18:13:32,492][INFO][info_get.py:125] >> [+] CNU Parser run...
[2023-09-18 18:13:32,509][INFO][info_get.py:137] >> [+] NO searching data...
[2023-09-18 18:13:32,510][INFO][info_get.py:46] >> [+] Get 20230918 13시 Ratio list run...
[2023-09-18 18:13:32,532][INFO][info_get.py:125] >> [+] CNU Parser run...
[2023-09-18 18:13:32,549][INFO][info_get.py:137] >> [+] NO searching data...
[2023-09-18 18:13:32,549][INFO][info_get.py:46] >> [+] Get 20230918 14시 Ratio list run...
[2023-09-18 18:13:32,574][INFO][info_get.py:125] >> [+] CNU Parser run...
[2023-09-18 18:13:32,590][INFO][info_get.py:137] >> [+] NO searching data...
[2023-09-18 18:13:32,591][INFO][info_get.py:46] >> [+] Get 20230918 15시 Ratio list run...
[2023-09-18 18:13:32,626][INFO][info_get.py:125] >> [+] CNU Parser run...
[2023-09-18 18:13:32,651][INFO][info_get.py:137] >> [+] NO searching data...
[2023-09-18 18:13:32,651][INFO][info_get.py:46] >> [+] Get 20230918 16시 Ratio list run...
[2023-09-18 18:13:32,684][INFO][info_get.py:125] >> [+] CNU Parser run...
[2023-09-18 18:13:32,708][INFO][info_get.py:137] >> [+] NO searching data...
[2023-09-18 18:13:32,708][INFO][info_get.py:46] >> [+] Get 20230918 17시 Ratio list run...
[2023-09-18 18:13:32,750][INFO][info_get.py:125] >> [+] CNU Parser run...
[2023-09-18 18:13:32,775][INFO][info_get.py:137] >> [+] NO searching data...
[2023-09-18 18:13:32,776][INFO][info_get.py:46] >> [+] Get 20230918 18시 Ratio list run...
[2023-09-18 18:13:32,797][INFO][info_get.py:125] >> [+] CNU Parser run...
[2023-09-18 18:13:32,821][INFO][info_get.py:137] >> [+] NO searching data...
[2023-09-18 18:13:32,821][INFO][info_get.py:46] >> [+] Get 20230918 19시 Ratio list run...
[2023-09-18 18:13:32,842][INFO][info_get.py:125] >> [+] CNU Parser run...
[2023-09-18 18:13:32,868][INFO][info_get.py:137] >> [+] NO searching data...
[2023-09-18 18:13:32,868][INFO][info_get.py:46] >> [+] Get 20230918 20시 Ratio list run...
[2023-09-18 18:13:32,890][INFO][info_get.py:125] >> [+] CNU Parser run...
[2023-09-18 18:13:32,914][INFO][info_get.py:137] >> [+] NO searching data...
[2023-09-18 18:13:32,915][INFO][info_get.py:46] >> [+] Get 20230918 21시 Ratio list run...
[2023-09-18 18:13:32,940][INFO][info_get.py:125] >> [+] CNU Parser run...
[2023-09-18 18:13:32,966][INFO][info_get.py:137] >> [+] NO searching data...
[2023-09-18 18:13:32,966][INFO][info_get.py:46] >> [+] Get 20230918 22시 Ratio list run...
[2023-09-18 18:13:32,992][INFO][info_get.py:125] >> [+] CNU Parser run...
[2023-09-18 18:13:33,016][INFO][info_get.py:137] >> [+] NO searching data...
[2023-09-18 18:13:33,017][INFO][info_get.py:46] >> [+] Get 20230918 23시 Ratio list run...
[2023-09-18 18:13:33,037][INFO][info_get.py:125] >> [+] CNU Parser run...
[2023-09-18 18:13:33,061][INFO][info_get.py:137] >> [+] NO searching data...
[2023-09-18 18:13:33,061][INFO][info_get.py:46] >> [+] Get 20230917 0시 Ratio list run...
[2023-09-18 18:13:33,107][INFO][info_get.py:125] >> [+] CNU Parser run...
[2023-09-18 18:13:33,127][INFO][info_get.py:137] >> [+] NO searching data...
[2023-09-18 18:13:33,127][INFO][info_get.py:46] >> [+] Get 20230917 1시 Ratio list run...
[2023-09-18 18:13:33,155][INFO][info_get.py:125] >> [+] CNU Parser run...
[2023-09-18 18:13:33,176][INFO][info_get.py:137] >> [+] NO searching data...
[2023-09-18 18:13:33,177][INFO][info_get.py:46] >> [+] Get 20230917 2시 Ratio list run...
[2023-09-18 18:13:33,205][INFO][info_get.py:125] >> [+] CNU Parser run...
[2023-09-18 18:13:33,228][INFO][info_get.py:137] >> [+] NO searching data...
[2023-09-18 18:13:33,228][INFO][info_get.py:46] >> [+] Get 20230917 3시 Ratio list run...
[2023-09-18 18:13:33,254][INFO][info_get.py:125] >> [+] CNU Parser run...
[2023-09-18 18:13:33,276][INFO][info_get.py:137] >> [+] NO searching data...
[2023-09-18 18:13:33,276][INFO][info_get.py:46] >> [+] Get 20230917 4시 Ratio list run...
[2023-09-18 18:13:33,306][INFO][info_get.py:125] >> [+] CNU Parser run...
[2023-09-18 18:13:33,329][INFO][info_get.py:137] >> [+] NO searching data...
[2023-09-18 18:13:33,329][INFO][info_get.py:46] >> [+] Get 20230917 5시 Ratio list run...
[2023-09-18 18:13:33,352][INFO][info_get.py:125] >> [+] CNU Parser run...
[2023-09-18 18:13:33,373][INFO][info_get.py:137] >> [+] NO searching data...
[2023-09-18 18:13:33,373][INFO][info_get.py:46] >> [+] Get 20230917 6시 Ratio list run...
[2023-09-18 18:13:33,396][INFO][info_get.py:125] >> [+] CNU Parser run...
[2023-09-18 18:13:33,419][INFO][info_get.py:137] >> [+] NO searching data...
[2023-09-18 18:13:33,419][INFO][info_get.py:46] >> [+] Get 20230917 7시 Ratio list run...
[2023-09-18 18:13:33,441][INFO][info_get.py:125] >> [+] CNU Parser run...
[2023-09-18 18:13:33,463][INFO][info_get.py:137] >> [+] NO searching data...
[2023-09-18 18:13:33,463][INFO][info_get.py:46] >> [+] Get 20230917 8시 Ratio list run...
[2023-09-18 18:13:33,483][INFO][info_get.py:125] >> [+] CNU Parser run...
[2023-09-18 18:13:33,506][INFO][info_get.py:137] >> [+] NO searching data...
[2023-09-18 18:13:33,506][INFO][info_get.py:46] >> [+] Get 20230917 9시 Ratio list run...
[2023-09-18 18:13:33,532][INFO][info_get.py:125] >> [+] CNU Parser run...
[2023-09-18 18:13:33,590][INFO][info_get.py:137] >> [+] NO searching data...
[2023-09-18 18:13:33,590][INFO][info_get.py:46] >> [+] Get 20230917 10시 Ratio list run...
[2023-09-18 18:13:33,610][INFO][info_get.py:125] >> [+] CNU Parser run...
[2023-09-18 18:13:33,629][INFO][info_get.py:137] >> [+] NO searching data...
[2023-09-18 18:13:33,630][INFO][info_get.py:46] >> [+] Get 20230917 11시 Ratio list run...
[2023-09-18 18:13:33,663][INFO][info_get.py:125] >> [+] CNU Parser run...
[2023-09-18 18:13:33,686][INFO][info_get.py:137] >> [+] NO searching data...
[2023-09-18 18:13:33,686][INFO][info_get.py:46] >> [+] Get 20230917 12시 Ratio list run...
[2023-09-18 18:13:33,706][INFO][info_get.py:125] >> [+] CNU Parser run...
[2023-09-18 18:13:33,727][INFO][info_get.py:137] >> [+] NO searching data...
[2023-09-18 18:13:33,727][INFO][info_get.py:46] >> [+] Get 20230917 13시 Ratio list run...
[2023-09-18 18:13:33,744][INFO][info_get.py:125] >> [+] CNU Parser run...
[2023-09-18 18:13:33,766][INFO][info_get.py:137] >> [+] NO searching data...
[2023-09-18 18:13:33,766][INFO][info_get.py:46] >> [+] Get 20230917 14시 Ratio list run...
[2023-09-18 18:13:33,788][INFO][info_get.py:125] >> [+] CNU Parser run...
[2023-09-18 18:13:33,809][INFO][info_get.py:137] >> [+] NO searching data...
[2023-09-18 18:13:33,809][INFO][info_get.py:46] >> [+] Get 20230917 15시 Ratio list run...
[2023-09-18 18:13:33,836][INFO][info_get.py:125] >> [+] CNU Parser run...
[2023-09-18 18:13:33,859][INFO][info_get.py:137] >> [+] NO searching data...
[2023-09-18 18:13:33,859][INFO][info_get.py:46] >> [+] Get 20230917 16시 Ratio list run...
[2023-09-18 18:13:33,892][INFO][info_get.py:125] >> [+] CNU Parser run...
[2023-09-18 18:13:33,914][INFO][info_get.py:137] >> [+] NO searching data...
[2023-09-18 18:13:33,915][INFO][info_get.py:46] >> [+] Get 20230917 17시 Ratio list run...
[2023-09-18 18:13:33,944][INFO][info_get.py:125] >> [+] CNU Parser run...
[2023-09-18 18:13:33,966][INFO][info_get.py:137] >> [+] NO searching data...
[2023-09-18 18:13:33,966][INFO][info_get.py:46] >> [+] Get 20230917 18시 Ratio list run...
[2023-09-18 18:13:33,989][INFO][info_get.py:125] >> [+] CNU Parser run...
[2023-09-18 18:13:34,012][INFO][info_get.py:137] >> [+] NO searching data...
[2023-09-18 18:13:34,012][INFO][info_get.py:46] >> [+] Get 20230917 19시 Ratio list run...
[2023-09-18 18:13:34,035][INFO][info_get.py:125] >> [+] CNU Parser run...
[2023-09-18 18:13:34,057][INFO][info_get.py:137] >> [+] NO searching data...
[2023-09-18 18:13:34,057][INFO][info_get.py:46] >> [+] Get 20230917 20시 Ratio list run...
[2023-09-18 18:13:34,080][INFO][info_get.py:125] >> [+] CNU Parser run...
[2023-09-18 18:13:34,100][INFO][info_get.py:137] >> [+] NO searching data...
[2023-09-18 18:13:34,100][INFO][info_get.py:46] >> [+] Get 20230917 21시 Ratio list run...
[2023-09-18 18:13:34,123][INFO][info_get.py:125] >> [+] CNU Parser run...
[2023-09-18 18:13:34,144][INFO][info_get.py:137] >> [+] NO searching data...
[2023-09-18 18:13:34,145][INFO][info_get.py:46] >> [+] Get 20230917 22시 Ratio list run...
[2023-09-18 18:13:34,162][INFO][info_get.py:125] >> [+] CNU Parser run...
[2023-09-18 18:13:34,185][INFO][info_get.py:137] >> [+] NO searching data...
[2023-09-18 18:13:34,185][INFO][info_get.py:46] >> [+] Get 20230917 23시 Ratio list run...
[2023-09-18 18:13:34,205][INFO][info_get.py:125] >> [+] CNU Parser run...
[2023-09-18 18:13:34,226][INFO][info_get.py:137] >> [+] NO searching data...
[2023-09-18 18:13:34,226][INFO][slack_bot.py:49] >> [+] Send ratio message...
[2023-09-18 18:13:34,592][INFO][slack_bot.py:38] >> [+] Send message OK...
[2023-09-18 18:13:34,593][INFO][slack_bot.py:87] >> [+] Send ratio message OK...
[2023-09-18 18:16:35,205][INFO][main.py:109] >> [+] Web site run...
[2023-09-18 18:16:35,206][INFO][main.py:93] >> [+] Scheduler run...
[2023-09-18 18:16:38,869][INFO][info_get.py:170] >> [+] get_dcu_id run...
[2023-09-18 18:16:38,919][INFO][info_get.py:182] >> [+] get_dcu_id OK...
[2023-09-18 18:16:38,919][INFO][info_get.py:46] >> [+] Get 20230918 0시 Ratio list run...
[2023-09-18 18:16:38,966][INFO][info_get.py:46] >> [+] Get 20230918 1시 Ratio list run...
[2023-09-18 18:16:39,012][INFO][info_get.py:46] >> [+] Get 20230918 2시 Ratio list run...
[2023-09-18 18:16:39,060][INFO][info_get.py:46] >> [+] Get 20230918 3시 Ratio list run...
[2023-09-18 18:16:39,109][INFO][info_get.py:46] >> [+] Get 20230918 4시 Ratio list run...
[2023-09-18 18:16:39,155][INFO][info_get.py:46] >> [+] Get 20230918 5시 Ratio list run...
[2023-09-18 18:16:39,202][INFO][info_get.py:46] >> [+] Get 20230918 6시 Ratio list run...
[2023-09-18 18:16:39,250][INFO][info_get.py:46] >> [+] Get 20230918 7시 Ratio list run...
[2023-09-18 18:16:39,295][INFO][info_get.py:46] >> [+] Get 20230918 8시 Ratio list run...
[2023-09-18 18:16:39,371][INFO][info_get.py:46] >> [+] Get 20230918 9시 Ratio list run...
[2023-09-18 18:16:39,413][INFO][info_get.py:46] >> [+] Get 20230918 10시 Ratio list run...
[2023-09-18 18:16:39,449][INFO][info_get.py:46] >> [+] Get 20230918 11시 Ratio list run...
[2023-09-18 18:16:39,494][INFO][info_get.py:46] >> [+] Get 20230918 12시 Ratio list run...
[2023-09-18 18:16:39,540][INFO][info_get.py:46] >> [+] Get 20230918 13시 Ratio list run...
[2023-09-18 18:16:39,584][INFO][info_get.py:46] >> [+] Get 20230918 14시 Ratio list run...
[2023-09-18 18:16:39,627][INFO][info_get.py:46] >> [+] Get 20230918 15시 Ratio list run...
[2023-09-18 18:16:39,674][INFO][info_get.py:46] >> [+] Get 20230918 16시 Ratio list run...
[2023-09-18 18:16:39,718][INFO][info_get.py:46] >> [+] Get 20230918 17시 Ratio list run...
[2023-09-18 18:16:39,767][INFO][info_get.py:46] >> [+] Get 20230918 18시 Ratio list run...
[2023-09-18 18:16:39,813][INFO][info_get.py:46] >> [+] Get 20230918 19시 Ratio list run...
[2023-09-18 18:16:39,858][INFO][info_get.py:46] >> [+] Get 20230918 20시 Ratio list run...
[2023-09-18 18:16:39,899][INFO][info_get.py:46] >> [+] Get 20230918 21시 Ratio list run...
[2023-09-18 18:16:39,942][INFO][info_get.py:46] >> [+] Get 20230918 22시 Ratio list run...
[2023-09-18 18:16:39,988][INFO][info_get.py:46] >> [+] Get 20230918 23시 Ratio list run...
[2023-09-18 18:16:40,031][INFO][info_get.py:46] >> [+] Get 20230917 0시 Ratio list run...
[2023-09-18 18:16:40,076][INFO][info_get.py:46] >> [+] Get 20230917 1시 Ratio list run...
[2023-09-18 18:16:40,121][INFO][info_get.py:46] >> [+] Get 20230917 2시 Ratio list run...
[2023-09-18 18:16:40,164][INFO][info_get.py:46] >> [+] Get 20230917 3시 Ratio list run...
[2023-09-18 18:16:40,204][INFO][info_get.py:46] >> [+] Get 20230917 4시 Ratio list run...
[2023-09-18 18:16:40,244][INFO][info_get.py:46] >> [+] Get 20230917 5시 Ratio list run...
[2023-09-18 18:16:40,290][INFO][info_get.py:46] >> [+] Get 20230917 6시 Ratio list run...
[2023-09-18 18:16:40,339][INFO][info_get.py:46] >> [+] Get 20230917 7시 Ratio list run...
[2023-09-18 18:16:40,386][INFO][info_get.py:46] >> [+] Get 20230917 8시 Ratio list run...
[2023-09-18 18:16:40,431][INFO][info_get.py:46] >> [+] Get 20230917 9시 Ratio list run...
[2023-09-18 18:16:40,514][INFO][info_get.py:46] >> [+] Get 20230917 10시 Ratio list run...
[2023-09-18 18:16:40,553][INFO][info_get.py:46] >> [+] Get 20230917 11시 Ratio list run...
[2023-09-18 18:16:40,596][INFO][info_get.py:46] >> [+] Get 20230917 12시 Ratio list run...
[2023-09-18 18:16:40,638][INFO][info_get.py:46] >> [+] Get 20230917 13시 Ratio list run...
[2023-09-18 18:16:40,681][INFO][info_get.py:46] >> [+] Get 20230917 14시 Ratio list run...
[2023-09-18 18:16:40,720][INFO][info_get.py:46] >> [+] Get 20230917 15시 Ratio list run...
[2023-09-18 18:16:40,763][INFO][info_get.py:46] >> [+] Get 20230917 16시 Ratio list run...
[2023-09-18 18:16:40,805][INFO][info_get.py:46] >> [+] Get 20230917 17시 Ratio list run...
[2023-09-18 18:16:40,850][INFO][info_get.py:46] >> [+] Get 20230917 18시 Ratio list run...
[2023-09-18 18:16:40,897][INFO][info_get.py:46] >> [+] Get 20230917 19시 Ratio list run...
[2023-09-18 18:16:40,943][INFO][info_get.py:46] >> [+] Get 20230917 20시 Ratio list run...
[2023-09-18 18:16:40,989][INFO][info_get.py:46] >> [+] Get 20230917 21시 Ratio list run...
[2023-09-18 18:16:41,034][INFO][info_get.py:46] >> [+] Get 20230917 22시 Ratio list run...
[2023-09-18 18:16:41,079][INFO][info_get.py:46] >> [+] Get 20230917 23시 Ratio list run...
[2023-09-18 18:16:41,123][INFO][slack_bot.py:49] >> [+] Send ratio message...
[2023-09-18 18:16:41,474][INFO][slack_bot.py:38] >> [+] Send message OK...
[2023-09-18 18:16:41,476][INFO][slack_bot.py:87] >> [+] Send ratio message OK...
[2023-09-18 18:20:05,419][INFO][info_get.py:309] >> [+] CNU server sort Run...
[2023-09-18 18:20:05,420][INFO][info_get.py:71] >> [+] Get Live list run...
[2023-09-18 18:20:05,420][INFO][info_get.py:72] >> date: 2023-09-18, time: 18:00:00, temp: 48
[2023-09-18 18:20:05,519][INFO][info_get.py:90] >> [+] Get Live list OK...
[2023-09-18 18:20:05,519][INFO][info_get.py:194] >> [+] Duplication Check Run...
[2023-09-18 18:20:05,714][INFO][info_get.py:208] >> [+] Duplication Check OK...
[2023-09-18 18:20:05,714][INFO][info_get.py:259] >> {'new': [{'num': '1', 'name': '우만주공4단지', 'mid': 'A0537098673', 'time': '2023-09-18 18:00:00', 'temp': '48'}], 'before': []}
[2023-09-18 18:20:05,714][INFO][slack_bot.py:94] >> [+] Send live message...
[2023-09-18 18:20:06,054][INFO][slack_bot.py:38] >> [+] Send message OK...
[2023-09-18 18:20:06,055][INFO][slack_bot.py:127] >> [+] Send live message OK...
[2023-09-18 18:20:06,055][INFO][info_get.py:318] >> [+] CNU server sort OK...
[2023-09-18 18:29:49,573][INFO][main.py:113] >> [+] Web site run...
[2023-09-18 18:29:49,574][INFO][main.py:97] >> [+] Scheduler run...
[2023-09-18 18:29:59,776][INFO][main.py:70] >> [+] list apartment slash command enter
[2023-09-18 18:29:59,777][INFO][info_get.py:265] >> [+] list apartment seqeunce run...
[2023-09-18 18:29:59,777][INFO][info_get.py:170] >> [+] get_dcu_id run...
[2023-09-18 18:29:59,823][INFO][info_get.py:182] >> [+] get_dcu_id OK...
[2023-09-18 18:30:01,901][INFO][slack_bot.py:49] >> [+] Send ratio message...
[2023-09-18 18:30:02,447][INFO][slack_bot.py:38] >> [+] Send message OK...
[2023-09-18 18:30:02,448][INFO][slack_bot.py:87] >> [+] Send ratio message OK...
[2023-09-18 18:30:02,449][INFO][info_get.py:296] >> [+] list apartment seqeunce OK...
